Base path: 'C:/Program Files/Unity/Hub/Editor/2019.4.5f1/Editor/Data', plugins path 'C:/Program Files/Unity/Hub/Editor/2019.4.5f1/Editor/Data/PlaybackEngines'
Cmd: initializeCompiler
Cmd: compileComputeKernel
  error: 2 plat 9 at (19): failed to open source file: 'Packages/com.unity.visualeffectgraph/Shaders/RenderPipeline/Universal/VFXDefines.hlsl'
  error: 2 plat 9 at (79): failed to open source file: 'Packages/com.unity.visualeffectgraph/Shaders/Common/VFXCommonCompute.hlsl'
  error: 2 plat 9 at (80): failed to open source file: 'Packages/com.unity.visualeffectgraph/Shaders/VFXCommon.hlsl'
  api=9 insize=7109 outsize=0 ok=0
Cmd: compileComputeKernel
  error: 2 plat 9 at (19): failed to open source file: 'Packages/com.unity.visualeffectgraph/Shaders/RenderPipeline/Universal/VFXDefines.hlsl'
  error: 2 plat 9 at (78): failed to open source file: 'Packages/com.unity.visualeffectgraph/Shaders/Common/VFXCommonCompute.hlsl'
  error: 2 plat 9 at (79): failed to open source file: 'Packages/com.unity.visualeffectgraph/Shaders/VFXCommon.hlsl'
  api=9 insize=7017 outsize=0 ok=0
Cmd: compileComputeKernel
  error: 2 plat 9 at (20): failed to open source file: 'Packages/com.unity.visualeffectgraph/Shaders/RenderPipeline/Universal/VFXDefines.hlsl'
  error: 2 plat 9 at (86): failed to open source file: 'Packages/com.unity.visualeffectgraph/Shaders/Common/VFXCommonCompute.hlsl'
  error: 2 plat 9 at (87): failed to open source file: 'Packages/com.unity.visualeffectgraph/Shaders/VFXCommon.hlsl'
  api=9 insize=9758 outsize=0 ok=0
Cmd: compileComputeKernel
  error: 2 plat 9 at (17): failed to open source file: 'Packages/com.unity.visualeffectgraph/Shaders/RenderPipeline/Universal/VFXDefines.hlsl'
  error: 2 plat 9 at (75): failed to open source file: 'Packages/com.unity.visualeffectgraph/Shaders/Common/VFXCommonCompute.hlsl'
  error: 2 plat 9 at (76): failed to open source file: 'Packages/com.unity.visualeffectgraph/Shaders/VFXCommon.hlsl'
  api=9 insize=7226 outsize=0 ok=0
Cmd: compileComputeKernel
  error: 2 plat 18 at (19): failed to open source file: 'Packages/com.unity.visualeffectgraph/Shaders/RenderPipeline/Universal/VFXDefines.hlsl'
  error: 2 plat 18 at (80): failed to open source file: 'Packages/com.unity.visualeffectgraph/Shaders/Common/VFXCommonCompute.hlsl'
  error: 2 plat 18 at (81): failed to open source file: 'Packages/com.unity.visualeffectgraph/Shaders/VFXCommon.hlsl'
  api=18 insize=7267 outsize=0 ok=0
Cmd: compileComputeKernel
  error: 2 plat 4 at Fireworks2.vfx(21): failed to open source file: 'Packages/com.unity.visualeffectgraph/Shaders/RenderPipeline/Universal/VFXDefines.hlsl'
  api=4 insize=7199 outsize=0 ok=0
Cmd: compileComputeKernel
  error: 2 plat 9 at (18): failed to open source file: 'Packages/com.unity.visualeffectgraph/Shaders/RenderPipeline/Universal/VFXDefines.hlsl'
  error: 2 plat 9 at (77): failed to open source file: 'Packages/com.unity.visualeffectgraph/Shaders/Common/VFXCommonCompute.hlsl'
  error: 2 plat 9 at (78): failed to open source file: 'Packages/com.unity.visualeffectgraph/Shaders/VFXCommon.hlsl'
  api=9 insize=6845 outsize=0 ok=0
Cmd: compileComputeKernel
  error: 2 plat 9 at (17): failed to open source file: 'Packages/com.unity.visualeffectgraph/Shaders/RenderPipeline/Universal/VFXDefines.hlsl'
  error: 2 plat 9 at (78): failed to open source file: 'Packages/com.unity.visualeffectgraph/Shaders/Common/VFXCommonCompute.hlsl'
  error: 2 plat 9 at (79): failed to open source file: 'Packages/com.unity.visualeffectgraph/Shaders/VFXCommon.hlsl'
  api=9 insize=7575 outsize=0 ok=0
Cmd: initializeCompiler
Cmd: compileComputeKernel
  api=4 insize=5015 outsize=2757 ok=1
Cmd: compileComputeKernel
  api=9 insize=9103 outsize=4661 ok=1
Cmd: compileComputeKernel
  api=9 insize=9103 outsize=8357 ok=1
Cmd: initializeCompiler
Cmd: compileSnippet
  api=4 type=0 insize=1460 outsize=1918 kw=UNITY_PASS_FORWARDADD POINT SHADOWS_CUBE SHADOWS_SOFT pd=UNITY_NO_DXT5nm UNITY_ENABLE_REFLECTION_BUFFERS UNITY_NO_CUBEMAP_ARRAY UNITY_NO_SCREENSPACE_SHADOWS UNITY_PBS_USE_BRDF2 SHADER_API_DESKTOP UNITY_HARDWARE_TIER3 UNITY_COLORSPACE_GAMMA UNITY_LIGHTMAP_DLDR_ENCODING ok=1
