Base path: 'C:/Program Files/Unity/Hub/Editor/2019.4.5f1/Editor/Data', plugins path 'C:/Program Files/Unity/Hub/Editor/2019.4.5f1/Editor/Data/PlaybackEngines'
Cmd: initializeCompiler
Cmd: compileComputeKernel
  error: 2 plat 4 at Fireworks3.vfx(14): failed to open source file: 'Packages/com.unity.visualeffectgraph/Shaders/RenderPipeline/Universal/VFXDefines.hlsl'
  api=4 insize=7552 outsize=0 ok=0
Cmd: compileComputeKernel
  error: 2 plat 9 at (15): failed to open source file: 'Packages/com.unity.visualeffectgraph/Shaders/RenderPipeline/Universal/VFXDefines.hlsl'
  error: 2 plat 9 at (67): failed to open source file: 'Packages/com.unity.visualeffectgraph/Shaders/Common/VFXCommonCompute.hlsl'
  error: 2 plat 9 at (68): failed to open source file: 'Packages/com.unity.visualeffectgraph/Shaders/VFXCommon.hlsl'
  api=9 insize=6631 outsize=0 ok=0
Cmd: compileComputeKernel
  error: 2 plat 18 at (14): failed to open source file: 'Packages/com.unity.visualeffectgraph/Shaders/RenderPipeline/Universal/VFXDefines.hlsl'
  error: 2 plat 18 at (64): failed to open source file: 'Packages/com.unity.visualeffectgraph/Shaders/Common/VFXCommonCompute.hlsl'
  error: 2 plat 18 at (65): failed to open source file: 'Packages/com.unity.visualeffectgraph/Shaders/VFXCommon.hlsl'
  api=18 insize=5796 outsize=0 ok=0
Cmd: compileComputeKernel
  error: 2 plat 4 at Fireworks1.vfx(14): failed to open source file: 'Packages/com.unity.visualeffectgraph/Shaders/RenderPipeline/Universal/VFXDefines.hlsl'
  api=4 insize=8009 outsize=0 ok=0
Cmd: compileComputeKernel
  error: 2 plat 4 at Fireworks1.vfx(14): failed to open source file: 'Packages/com.unity.visualeffectgraph/Shaders/RenderPipeline/Universal/VFXDefines.hlsl'
  api=4 insize=7610 outsize=0 ok=0
Cmd: compileComputeKernel
  error: 2 plat 18 at (18): failed to open source file: 'Packages/com.unity.visualeffectgraph/Shaders/RenderPipeline/Universal/VFXDefines.hlsl'
  error: 2 plat 18 at (73): failed to open source file: 'Packages/com.unity.visualeffectgraph/Shaders/Common/VFXCommonCompute.hlsl'
  error: 2 plat 18 at (74): failed to open source file: 'Packages/com.unity.visualeffectgraph/Shaders/VFXCommon.hlsl'
  api=18 insize=7431 outsize=0 ok=0
Cmd: compileComputeKernel
  error: 2 plat 9 at (15): failed to open source file: 'Packages/com.unity.visualeffectgraph/Shaders/RenderPipeline/Universal/VFXDefines.hlsl'
  error: 2 plat 9 at (70): failed to open source file: 'Packages/com.unity.visualeffectgraph/Shaders/Common/VFXCommonCompute.hlsl'
  error: 2 plat 9 at (71): failed to open source file: 'Packages/com.unity.visualeffectgraph/Shaders/VFXCommon.hlsl'
  api=9 insize=7713 outsize=0 ok=0
Cmd: compileComputeKernel
  error: 2 plat 18 at (17): failed to open source file: 'Packages/com.unity.visualeffectgraph/Shaders/RenderPipeline/Universal/VFXDefines.hlsl'
  error: 2 plat 18 at (78): failed to open source file: 'Packages/com.unity.visualeffectgraph/Shaders/Common/VFXCommonCompute.hlsl'
  error: 2 plat 18 at (79): failed to open source file: 'Packages/com.unity.visualeffectgraph/Shaders/VFXCommon.hlsl'
  api=18 insize=7575 outsize=0 ok=0
Cmd: initializeCompiler
Cmd: compileComputeKernel
  api=9 insize=1372 outsize=1281 ok=1
Cmd: compileComputeKernel
  api=18 insize=9103 outsize=10838 ok=1
Cmd: initializeCompiler
