Base path: 'C:/Program Files/Unity/Hub/Editor/2019.4.5f1/Editor/Data', plugins path 'C:/Program Files/Unity/Hub/Editor/2019.4.5f1/Editor/Data/PlaybackEngines'
Cmd: initializeCompiler
Cmd: compileComputeKernel
  error: 2 plat 4 at Fireworks3.vfx(14): failed to open source file: 'Packages/com.unity.visualeffectgraph/Shaders/RenderPipeline/Universal/VFXDefines.hlsl'
  api=4 insize=6631 outsize=0 ok=0
Cmd: compileComputeKernel
  error: 2 plat 9 at (14): failed to open source file: 'Packages/com.unity.visualeffectgraph/Shaders/RenderPipeline/Universal/VFXDefines.hlsl'
  error: 2 plat 9 at (64): failed to open source file: 'Packages/com.unity.visualeffectgraph/Shaders/Common/VFXCommonCompute.hlsl'
  error: 2 plat 9 at (65): failed to open source file: 'Packages/com.unity.visualeffectgraph/Shaders/VFXCommon.hlsl'
  api=9 insize=5796 outsize=0 ok=0
Cmd: compileComputeKernel
  error: 2 plat 9 at (15): failed to open source file: 'Packages/com.unity.visualeffectgraph/Shaders/RenderPipeline/Universal/VFXDefines.hlsl'
  error: 2 plat 9 at (70): failed to open source file: 'Packages/com.unity.visualeffectgraph/Shaders/Common/VFXCommonCompute.hlsl'
  error: 2 plat 9 at (71): failed to open source file: 'Packages/com.unity.visualeffectgraph/Shaders/VFXCommon.hlsl'
  api=9 insize=10622 outsize=0 ok=0
Cmd: compileComputeKernel
  error: 2 plat 4 at Fireworks1.vfx(13): failed to open source file: 'Packages/com.unity.visualeffectgraph/Shaders/RenderPipeline/Universal/VFXDefines.hlsl'
  api=4 insize=5794 outsize=0 ok=0
Cmd: compileComputeKernel
  error: 2 plat 18 at (17): failed to open source file: 'Packages/com.unity.visualeffectgraph/Shaders/RenderPipeline/Universal/VFXDefines.hlsl'
  error: 2 plat 18 at (73): failed to open source file: 'Packages/com.unity.visualeffectgraph/Shaders/Common/VFXCommonCompute.hlsl'
  error: 2 plat 18 at (74): failed to open source file: 'Packages/com.unity.visualeffectgraph/Shaders/VFXCommon.hlsl'
  api=18 insize=8752 outsize=0 ok=0
Cmd: compileComputeKernel
  error: 2 plat 4 at Fireworks2.vfx(16): failed to open source file: 'Packages/com.unity.visualeffectgraph/Shaders/RenderPipeline/Universal/VFXDefines.hlsl'
  api=4 insize=9168 outsize=0 ok=0
Cmd: compileComputeKernel
  error: 2 plat 9 at (16): failed to open source file: 'Packages/com.unity.visualeffectgraph/Shaders/RenderPipeline/Universal/VFXDefines.hlsl'
  error: 2 plat 9 at (67): failed to open source file: 'Packages/com.unity.visualeffectgraph/Shaders/Common/VFXCommonCompute.hlsl'
  error: 2 plat 9 at (68): failed to open source file: 'Packages/com.unity.visualeffectgraph/Shaders/VFXCommon.hlsl'
  api=9 insize=6262 outsize=0 ok=0
Cmd: initializeCompiler
Cmd: compileComputeKernel
  api=4 insize=1372 outsize=666 ok=1
Cmd: compileComputeKernel
  api=4 insize=9103 outsize=2140 ok=1
Cmd: compileComputeKernel
  api=9 insize=9103 outsize=6040 ok=1
Cmd: initializeCompiler
