Base path: 'C:/Program Files/Unity/Hub/Editor/2019.4.5f1/Editor/Data', plugins path 'C:/Program Files/Unity/Hub/Editor/2019.4.5f1/Editor/Data/PlaybackEngines'
Cmd: initializeCompiler
Cmd: compileComputeKernel
  error: 2 plat 9 at (15): failed to open source file: 'Packages/com.unity.visualeffectgraph/Shaders/RenderPipeline/Universal/VFXDefines.hlsl'
  error: 2 plat 9 at (66): failed to open source file: 'Packages/com.unity.visualeffectgraph/Shaders/Common/VFXCommonCompute.hlsl'
  error: 2 plat 9 at (67): failed to open source file: 'Packages/com.unity.visualeffectgraph/Shaders/VFXCommon.hlsl'
  api=9 insize=7489 outsize=0 ok=0
Cmd: compileComputeKernel
  error: 2 plat 4 at Fireworks1.vfx(18): failed to open source file: 'Packages/com.unity.visualeffectgraph/Shaders/RenderPipeline/Universal/VFXDefines.hlsl'
  api=4 insize=7119 outsize=0 ok=0
Cmd: compileComputeKernel
  error: 2 plat 9 at (17): failed to open source file: 'Packages/com.unity.visualeffectgraph/Shaders/RenderPipeline/Universal/VFXDefines.hlsl'
  error: 2 plat 9 at (77): failed to open source file: 'Packages/com.unity.visualeffectgraph/Shaders/Common/VFXCommonCompute.hlsl'
  error: 2 plat 9 at (78): failed to open source file: 'Packages/com.unity.visualeffectgraph/Shaders/VFXCommon.hlsl'
  api=9 insize=7380 outsize=0 ok=0
Cmd: compileComputeKernel
  error: 2 plat 4 at Starfield.vfx(10): failed to open source file: 'Packages/com.unity.visualeffectgraph/Shaders/RenderPipeline/Universal/VFXDefines.hlsl'
  api=4 insize=1972 outsize=0 ok=0
Cmd: initializeCompiler
Cmd: compileComputeKernel
  api=9 insize=5015 outsize=6774 ok=1
Cmd: compileComputeKernel
  api=18 insize=9103 outsize=10507 ok=1
Cmd: initializeCompiler
