Base path: 'C:/Program Files/Unity/Hub/Editor/2019.4.5f1/Editor/Data', plugins path 'C:/Program Files/Unity/Hub/Editor/2019.4.5f1/Editor/Data/PlaybackEngines'
Cmd: initializeCompiler
Cmd: compileComputeKernel
  error: 2 plat 4 at Fireworks3.vfx(18): failed to open source file: 'Packages/com.unity.visualeffectgraph/Shaders/RenderPipeline/Universal/VFXDefines.hlsl'
  api=4 insize=7109 outsize=0 ok=0
Cmd: compileComputeKernel
  error: 2 plat 4 at Fireworks3.vfx(18): failed to open source file: 'Packages/com.unity.visualeffectgraph/Shaders/RenderPipeline/Universal/VFXDefines.hlsl'
  api=4 insize=7017 outsize=0 ok=0
Cmd: compileComputeKernel
  error: 2 plat 4 at Portal2.vfx(19): failed to open source file: 'Packages/com.unity.visualeffectgraph/Shaders/RenderPipeline/Universal/VFXDefines.hlsl'
  api=4 insize=9758 outsize=0 ok=0
Cmd: compileComputeKernel
  error: 2 plat 4 at Fireworks1.vfx(16): failed to open source file: 'Packages/com.unity.visualeffectgraph/Shaders/RenderPipeline/Universal/VFXDefines.hlsl'
  api=4 insize=7226 outsize=0 ok=0
Cmd: compileComputeKernel
  error: 2 plat 9 at (19): failed to open source file: 'Packages/com.unity.visualeffectgraph/Shaders/RenderPipeline/Universal/VFXDefines.hlsl'
  error: 2 plat 9 at (80): failed to open source file: 'Packages/com.unity.visualeffectgraph/Shaders/Common/VFXCommonCompute.hlsl'
  error: 2 plat 9 at (81): failed to open source file: 'Packages/com.unity.visualeffectgraph/Shaders/VFXCommon.hlsl'
  api=9 insize=7267 outsize=0 ok=0
Cmd: compileComputeKernel
  error: 2 plat 9 at (22): failed to open source file: 'Packages/com.unity.visualeffectgraph/Shaders/RenderPipeline/Universal/VFXDefines.hlsl'
  error: 2 plat 9 at (82): failed to open source file: 'Packages/com.unity.visualeffectgraph/Shaders/Common/VFXCommonCompute.hlsl'
  error: 2 plat 9 at (83): failed to open source file: 'Packages/com.unity.visualeffectgraph/Shaders/VFXCommon.hlsl'
  api=9 insize=7199 outsize=0 ok=0
Cmd: compileComputeKernel
  error: 2 plat 4 at Fireworks2.vfx(17): failed to open source file: 'Packages/com.unity.visualeffectgraph/Shaders/RenderPipeline/Universal/VFXDefines.hlsl'
  api=4 insize=6845 outsize=0 ok=0
Cmd: compileComputeKernel
  error: 2 plat 4 at Starfield.vfx(15): failed to open source file: 'Packages/com.unity.visualeffectgraph/Shaders/RenderPipeline/Universal/VFXDefines.hlsl'
  api=4 insize=6262 outsize=0 ok=0
Cmd: initializeCompiler
Cmd: compileComputeKernel
  api=9 insize=1372 outsize=1469 ok=1
Cmd: compileComputeKernel
  api=18 insize=9103 outsize=13383 ok=1
Cmd: compileComputeKernel
  api=9 insize=9103 outsize=6218 ok=1
Cmd: initializeCompiler
